<?xml version="1.0" encoding="UTF-8"?>
<testsuite name="com.java.tech.MerchantQueryFacadeTest" tests="1" skipped="0" failures="0" errors="0" timestamp="2021-08-29T08:44:51" hostname="chenxiaobiandeMacBook-Pro.local" time="5.227">
  <properties/>
  <testcase name="testQueryMerchant" classname="com.java.tech.MerchantQueryFacadeTest" time="5.227"/>
  <system-out><![CDATA[16:44:41.987 [Test worker] DEBUG org.springframework.test.context.junit4.SpringJUnit4ClassRunner - SpringJUnit4ClassRunner constructor called with [class com.java.tech.MerchantQueryFacadeTest]
16:44:41.997 [Test worker] DEBUG org.springframework.test.context.BootstrapUtils - Instantiating CacheAwareContextLoaderDelegate from class [org.springframework.test.context.cache.DefaultCacheAwareContextLoaderDelegate]
16:44:42.008 [Test worker] DEBUG org.springframework.test.context.BootstrapUtils - Instantiating BootstrapContext using constructor [public org.springframework.test.context.support.DefaultBootstrapContext(java.lang.Class,org.springframework.test.context.CacheAwareContextLoaderDelegate)]
16:44:42.053 [Test worker] DEBUG org.springframework.test.context.BootstrapUtils - Instantiating TestContextBootstrapper for test class [com.java.tech.MerchantQueryFacadeTest] from class [org.springframework.boot.test.context.SpringBootTestContextBootstrapper]
16:44:42.076 [Test worker] INFO org.springframework.boot.test.context.SpringBootTestContextBootstrapper - Neither @ContextConfiguration nor @ContextHierarchy found for test class [com.java.tech.MerchantQueryFacadeTest], using SpringBootContextLoader
16:44:42.080 [Test worker] DEBUG org.springframework.test.context.support.AbstractContextLoader - Did not detect default resource location for test class [com.java.tech.MerchantQueryFacadeTest]: class path resource [com/java/tech/MerchantQueryFacadeTest-context.xml] does not exist
16:44:42.080 [Test worker] DEBUG org.springframework.test.context.support.AbstractContextLoader - Did not detect default resource location for test class [com.java.tech.MerchantQueryFacadeTest]: class path resource [com/java/tech/MerchantQueryFacadeTestContext.groovy] does not exist
16:44:42.081 [Test worker] INFO org.springframework.test.context.support.AbstractContextLoader - Could not detect default resource locations for test class [com.java.tech.MerchantQueryFacadeTest]: no resource found for suffixes {-context.xml, Context.groovy}.
16:44:42.129 [Test worker] DEBUG org.springframework.test.context.support.ActiveProfilesUtils - Could not find an 'annotation declaring class' for annotation type [org.springframework.test.context.ActiveProfiles] and class [com.java.tech.MerchantQueryFacadeTest]
16:44:42.248 [Test worker] DEBUG org.springframework.boot.test.context.SpringBootTestContextBootstrapper - @TestExecutionListeners is not present for class [com.java.tech.MerchantQueryFacadeTest]: using defaults.
16:44:42.248 [Test worker] INFO org.springframework.boot.test.context.SpringBootTestContextBootstrapper - Loaded default TestExecutionListener class names from location [META-INF/spring.factories]: [org.springframework.boot.test.autoconfigure.restdocs.RestDocsTestExecutionListener, org.springframework.boot.test.autoconfigure.web.client.MockRestServiceServerResetTestExecutionListener, org.springframework.boot.test.autoconfigure.web.servlet.MockMvcPrintOnlyOnFailureTestExecutionListener, org.springframework.boot.test.autoconfigure.web.servlet.WebDriverTestExecutionListener, org.springframework.boot.test.mock.mockito.MockitoTestExecutionListener, org.springframework.boot.test.mock.mockito.ResetMocksTestExecutionListener, org.springframework.test.context.web.ServletTestExecutionListener, org.springframework.test.context.support.DirtiesContextBeforeModesTestExecutionListener, org.springframework.test.context.support.DependencyInjectionTestExecutionListener, org.springframework.test.context.support.DirtiesContextTestExecutionListener, org.springframework.test.context.transaction.TransactionalTestExecutionListener, org.springframework.test.context.jdbc.SqlScriptsTestExecutionListener, org.springframework.test.context.event.EventPublishingTestExecutionListener]
16:44:42.258 [Test worker] DEBUG org.springframework.boot.test.context.SpringBootTestContextBootstrapper - Skipping candidate TestExecutionListener [org.springframework.test.context.transaction.TransactionalTestExecutionListener] due to a missing dependency. Specify custom listener classes or make the default listener classes and their required dependencies available. Offending class: [org/springframework/transaction/interceptor/TransactionAttributeSource]
16:44:42.258 [Test worker] DEBUG org.springframework.boot.test.context.SpringBootTestContextBootstrapper - Skipping candidate TestExecutionListener [org.springframework.test.context.jdbc.SqlScriptsTestExecutionListener] due to a missing dependency. Specify custom listener classes or make the default listener classes and their required dependencies available. Offending class: [org/springframework/transaction/interceptor/TransactionAttribute]
16:44:42.258 [Test worker] INFO org.springframework.boot.test.context.SpringBootTestContextBootstrapper - Using TestExecutionListeners: [org.springframework.test.context.web.ServletTestExecutionListener@ccceafa, org.springframework.test.context.support.DirtiesContextBeforeModesTestExecutionListener@4d71c7d4, org.springframework.boot.test.mock.mockito.MockitoTestExecutionListener@a59ae34, org.springframework.boot.test.autoconfigure.SpringBootDependencyInjectionTestExecutionListener@3ce208ee, org.springframework.test.context.support.DirtiesContextTestExecutionListener@5792beb2, org.springframework.test.context.event.EventPublishingTestExecutionListener@149e9cf3, org.springframework.boot.test.autoconfigure.restdocs.RestDocsTestExecutionListener@53f1b85a, org.springframework.boot.test.autoconfigure.web.client.MockRestServiceServerResetTestExecutionListener@7ff86fb2, org.springframework.boot.test.autoconfigure.web.servlet.MockMvcPrintOnlyOnFailureTestExecutionListener@3d5d39d1, org.springframework.boot.test.autoconfigure.web.servlet.WebDriverTestExecutionListener@5dc4438d, org.springframework.boot.test.mock.mockito.ResetMocksTestExecutionListener@3290307]
16:44:42.263 [Test worker] DEBUG org.springframework.test.annotation.ProfileValueUtils - Retrieved @ProfileValueSourceConfiguration [null] for test class [com.java.tech.MerchantQueryFacadeTest]
16:44:42.265 [Test worker] DEBUG org.springframework.test.annotation.ProfileValueUtils - Retrieved ProfileValueSource type [class org.springframework.test.annotation.SystemProfileValueSource] for class [com.java.tech.MerchantQueryFacadeTest]
16:44:42.269 [Test worker] DEBUG org.springframework.test.annotation.ProfileValueUtils - Retrieved @ProfileValueSourceConfiguration [null] for test class [com.java.tech.MerchantQueryFacadeTest]
16:44:42.270 [Test worker] DEBUG org.springframework.test.annotation.ProfileValueUtils - Retrieved ProfileValueSource type [class org.springframework.test.annotation.SystemProfileValueSource] for class [com.java.tech.MerchantQueryFacadeTest]
16:44:42.270 [Test worker] DEBUG org.springframework.test.annotation.ProfileValueUtils - Retrieved @ProfileValueSourceConfiguration [null] for test class [com.java.tech.MerchantQueryFacadeTest]
16:44:42.271 [Test worker] DEBUG org.springframework.test.annotation.ProfileValueUtils - Retrieved ProfileValueSource type [class org.springframework.test.annotation.SystemProfileValueSource] for class [com.java.tech.MerchantQueryFacadeTest]
16:44:42.277 [Test worker] DEBUG org.springframework.test.context.support.AbstractDirtiesContextTestExecutionListener - Before test class: context [DefaultTestContext@3a6fe119 testClass = MerchantQueryFacadeTest, testInstance = [null], testMethod = [null], testException = [null], mergedContextConfiguration = [WebMergedContextConfiguration@471164f7 testClass = MerchantQueryFacadeTest, locations = '{}', classes = '{class com.java.tech.Application, class com.java.tech.Application}', contextInitializerClasses = '[]', activeProfiles = '{}', propertySourceLocations = '{}', propertySourceProperties = '{org.springframework.boot.test.context.SpringBootTestContextBootstrapper=true}', contextCustomizers = set[org.springframework.boot.test.autoconfigure.properties.PropertyMappingContextCustomizer@0, org.springframework.boot.test.autoconfigure.web.servlet.WebDriverContextCustomizerFactory$Customizer@433a21e4, org.springframework.boot.test.context.filter.ExcludeFilterContextCustomizer@5bf6c64e, org.springframework.boot.test.json.DuplicateJsonObjectContextCustomizerFactory$DuplicateJsonObjectContextCustomizer@24ba4933, org.springframework.boot.test.mock.mockito.MockitoContextCustomizer@0, org.springframework.boot.test.web.client.TestRestTemplateContextCustomizer@2bb9d88f], resourceBasePath = 'src/main/webapp', contextLoader = 'org.springframework.boot.test.context.SpringBootContextLoader', parent = [null]], attributes = map['org.springframework.test.context.web.ServletTestExecutionListener.activateListener' -> true]], class annotated with @DirtiesContext [false] with mode [null].
16:44:42.279 [Test worker] DEBUG org.springframework.test.annotation.ProfileValueUtils - Retrieved @ProfileValueSourceConfiguration [null] for test class [com.java.tech.MerchantQueryFacadeTest]
16:44:42.279 [Test worker] DEBUG org.springframework.test.annotation.ProfileValueUtils - Retrieved ProfileValueSource type [class org.springframework.test.annotation.SystemProfileValueSource] for class [com.java.tech.MerchantQueryFacadeTest]
16:44:42.309 [Test worker] DEBUG org.springframework.test.context.support.TestPropertySourceUtils - Adding inlined properties to environment: {spring.jmx.enabled=false, org.springframework.boot.test.context.SpringBootTestContextBootstrapper=true, server.port=-1}

  .   ____          _            __ _ _
 /\\ / ___'_ __ _ _(_)_ __  __ _ \ \ \ \
( ( )\___ | '_ | '_| | '_ \/ _` | \ \ \ \
 \\/  ___)| |_)| | | | | || (_| |  ) ) ) )
  '  |____| .__|_| |_|_| |_\__, | / / / /
 =========|_|==============|___/=/_/_/_/
 :: Spring Boot ::        (v2.2.6.RELEASE)

2021-08-29 16:44:42.568  INFO 7405 --- [    Test worker] com.java.tech.MerchantQueryFacadeTest    : Starting MerchantQueryFacadeTest on chenxiaobiandeMacBook-Pro.local with PID 7405 (started by chenxiaobian in /workspace/gitrepo/java-tech-tutorial/gradle-tutorial/gradle-service-impl)
2021-08-29 16:44:42.569  INFO 7405 --- [    Test worker] com.java.tech.MerchantQueryFacadeTest    : No active profile set, falling back to default profiles: default
2021-08-29 16:44:43.759  INFO 7405 --- [    Test worker] o.s.s.concurrent.ThreadPoolTaskExecutor  : Initializing ExecutorService 'applicationTaskExecutor'
2021-08-29 16:44:51.801  INFO 7405 --- [    Test worker] com.java.tech.MerchantQueryFacadeTest    : Started MerchantQueryFacadeTest in 9.483 seconds (JVM running for 10.491)
Query Merchant Info,merchant id:20210829120200090000
]]></system-out>
  <system-err><![CDATA[]]></system-err>
</testsuite>
